<?xml version="1.0" encoding="UTF-8" ?>
<testsuite tests="7" failures="0" name="Runner.TestRunner" time="0.37" errors="0" skipped="0">
  <properties>
[...]
</properties>
  <testcase classname="Wowzi&apos;s Login Functionality" name="Validate that User can launch Wowzi login page with a valid url" time="0.222"/>
  <testcase classname="Wowzi&apos;s Login Functionality" name="Validate that User cannot log in with an invalid email address" time="0.016"/>
  <testcase classname="Wowzi&apos;s Login Functionality" name="Validate that User cannot log in with an invalid password" time="0.014"/>
  <testcase classname="Wowzi&apos;s Login Functionality" name="Validate that User can click on the login button" time="0.029"/>
  <testcase classname="Wowzi&apos;s Login Functionality" name="Validate that User can access the User profile page" time="0.042"/>
  <testcase classname="Wowzi&apos;s Login Functionality" name="Validate that User can close banner on the User profile page" time="0.016"/>
  <testcase classname="Wowzi&apos;s Login Functionality" name="Validate that User can logout of the Wowzi Application successfully" time="0.031"/>
</testsuite>